mode: set
processing/internal/delivery/http/account_handler.go:20.70,26.16 5 1
processing/internal/delivery/http/account_handler.go:26.16,29.3 2 1
processing/internal/delivery/http/account_handler.go:31.2,32.9 2 1
processing/internal/delivery/http/account_handler.go:32.9,35.3 2 0
processing/internal/delivery/http/account_handler.go:36.2,36.37 1 1
processing/internal/delivery/http/account_handler.go:36.37,39.3 2 1
processing/internal/delivery/http/account_handler.go:41.2,42.16 2 1
processing/internal/delivery/http/account_handler.go:42.16,45.3 2 1
processing/internal/delivery/http/account_handler.go:47.2,47.61 1 1
processing/internal/delivery/http/account_handler.go:47.61,49.3 1 0
processing/internal/delivery/http/account_handler.go:58.79,64.16 5 1
processing/internal/delivery/http/account_handler.go:64.16,67.3 2 1
processing/internal/delivery/http/account_handler.go:69.2,70.9 2 1
processing/internal/delivery/http/account_handler.go:70.9,73.3 2 0
processing/internal/delivery/http/account_handler.go:74.2,74.37 1 1
processing/internal/delivery/http/account_handler.go:74.37,77.3 2 1
processing/internal/delivery/http/account_handler.go:79.2,82.16 4 1
processing/internal/delivery/http/account_handler.go:82.16,84.3 1 1
processing/internal/delivery/http/account_handler.go:85.2,86.16 2 1
processing/internal/delivery/http/account_handler.go:86.16,88.3 1 1
processing/internal/delivery/http/account_handler.go:90.2,91.16 2 1
processing/internal/delivery/http/account_handler.go:91.16,94.3 2 1
processing/internal/delivery/http/account_handler.go:96.2,101.57 2 1
processing/internal/delivery/http/account_handler.go:101.57,103.3 1 0
processing/internal/delivery/http/auth_handler.go:18.68,24.61 5 1
processing/internal/delivery/http/auth_handler.go:24.61,27.3 2 1
processing/internal/delivery/http/auth_handler.go:29.2,29.32 1 1
processing/internal/delivery/http/auth_handler.go:29.32,31.3 1 1
processing/internal/delivery/http/auth_handler.go:33.2,34.16 2 1
processing/internal/delivery/http/auth_handler.go:34.16,35.52 1 1
processing/internal/delivery/http/auth_handler.go:35.52,38.4 2 0
processing/internal/delivery/http/auth_handler.go:39.3,40.9 2 1
processing/internal/delivery/http/auth_handler.go:43.2,44.16 2 1
processing/internal/delivery/http/auth_handler.go:44.16,47.3 2 1
processing/internal/delivery/http/auth_handler.go:49.2,54.17 3 1
processing/internal/delivery/http/auth_handler.go:54.17,56.3 1 0
processing/internal/delivery/http/auth_handler.go:59.65,65.61 5 1
processing/internal/delivery/http/auth_handler.go:65.61,68.3 2 1
processing/internal/delivery/http/auth_handler.go:70.2,70.29 1 1
processing/internal/delivery/http/auth_handler.go:70.29,72.3 1 1
processing/internal/delivery/http/auth_handler.go:74.2,75.16 2 1
processing/internal/delivery/http/auth_handler.go:75.16,76.51 1 1
processing/internal/delivery/http/auth_handler.go:76.51,79.4 2 0
processing/internal/delivery/http/auth_handler.go:80.3,81.9 2 1
processing/internal/delivery/http/auth_handler.go:84.2,86.59 3 1
processing/internal/delivery/http/auth_handler.go:86.59,88.3 1 0
processing/internal/delivery/http/auth_handler.go:91.67,96.16 5 1
processing/internal/delivery/http/auth_handler.go:96.16,98.3 1 1
processing/internal/delivery/http/auth_handler.go:98.8,102.62 2 1
processing/internal/delivery/http/auth_handler.go:102.62,104.4 1 1
processing/internal/delivery/http/auth_handler.go:106.2,107.24 2 1
processing/internal/delivery/http/auth_handler.go:107.24,110.3 2 1
processing/internal/delivery/http/auth_handler.go:112.2,113.16 2 1
processing/internal/delivery/http/auth_handler.go:113.16,116.3 2 1
processing/internal/delivery/http/auth_handler.go:118.2,120.59 3 1
processing/internal/delivery/http/auth_handler.go:120.59,122.3 1 0
processing/internal/delivery/http/auth_handler.go:125.66,130.16 5 1
processing/internal/delivery/http/auth_handler.go:130.16,132.3 1 1
processing/internal/delivery/http/auth_handler.go:132.8,136.62 2 1
processing/internal/delivery/http/auth_handler.go:136.62,139.4 2 1
processing/internal/delivery/http/auth_handler.go:140.3,140.34 1 1
processing/internal/delivery/http/auth_handler.go:142.2,143.24 2 1
processing/internal/delivery/http/auth_handler.go:143.24,146.3 2 1
processing/internal/delivery/http/auth_handler.go:148.2,148.61 1 1
processing/internal/delivery/http/auth_handler.go:148.61,150.3 1 1
processing/internal/delivery/http/auth_handler.go:151.2,153.93 3 1
processing/internal/delivery/http/auth_handler.go:153.93,155.3 1 0
processing/internal/delivery/http/auth_handler.go:158.69,163.9 4 1
processing/internal/delivery/http/auth_handler.go:163.9,166.3 2 1
processing/internal/delivery/http/auth_handler.go:168.2,169.16 2 1
processing/internal/delivery/http/auth_handler.go:169.16,172.3 2 1
processing/internal/delivery/http/auth_handler.go:174.2,174.54 1 1
processing/internal/delivery/http/auth_handler.go:174.54,176.3 1 1
processing/internal/delivery/http/auth_handler.go:177.2,179.93 3 1
processing/internal/delivery/http/auth_handler.go:179.93,181.3 1 0
processing/internal/delivery/http/handler.go:21.12,29.2 2 1
processing/internal/delivery/http/helpers.go:18.80,20.16 2 1
processing/internal/delivery/http/helpers.go:20.16,22.3 1 1
processing/internal/delivery/http/helpers.go:23.2,24.16 2 1
processing/internal/delivery/http/helpers.go:24.16,26.3 1 0
processing/internal/delivery/http/helpers.go:28.2,32.16 4 1
processing/internal/delivery/http/helpers.go:32.16,34.3 1 1
processing/internal/delivery/http/helpers.go:35.2,36.16 2 1
processing/internal/delivery/http/helpers.go:36.16,38.3 1 0
processing/internal/delivery/http/helpers.go:40.2,41.16 2 1
processing/internal/delivery/http/helpers.go:41.16,43.3 1 0
processing/internal/delivery/http/helpers.go:45.2,46.16 2 1
processing/internal/delivery/http/helpers.go:46.16,48.3 1 0
processing/internal/delivery/http/helpers.go:50.2,59.8 1 1
processing/internal/delivery/http/helpers.go:62.65,64.15 2 1
processing/internal/delivery/http/helpers.go:64.15,66.3 1 1
processing/internal/delivery/http/helpers.go:68.2,69.16 2 1
processing/internal/delivery/http/helpers.go:69.16,71.3 1 1
processing/internal/delivery/http/helpers.go:72.2,72.16 1 1
processing/internal/delivery/http/helpers.go:75.65,77.15 2 1
processing/internal/delivery/http/helpers.go:77.15,79.3 1 1
processing/internal/delivery/http/helpers.go:81.2,82.16 2 1
processing/internal/delivery/http/helpers.go:82.16,84.3 1 0
processing/internal/delivery/http/helpers.go:86.2,86.15 1 1
processing/internal/delivery/http/helpers.go:89.28,101.2 3 1
processing/internal/delivery/http/helpers.go:105.71,109.15 3 1
processing/internal/delivery/http/helpers.go:109.15,115.3 2 1
processing/internal/delivery/http/helpers.go:116.2,116.69 1 1
processing/internal/delivery/http/helpers.go:119.62,121.56 2 1
processing/internal/delivery/http/helpers.go:121.56,125.3 3 0
processing/internal/delivery/http/helpers.go:126.2,129.12 4 1
processing/internal/delivery/http/helpers.go:132.81,142.2 1 1
processing/internal/delivery/http/helpers.go:144.63,147.22 2 1
processing/internal/delivery/http/helpers.go:147.22,150.3 2 1
processing/internal/delivery/http/helpers.go:152.2,152.25 1 1
processing/internal/delivery/http/helpers.go:152.25,155.3 2 1
processing/internal/delivery/http/helpers.go:157.2,159.34 3 1
processing/internal/delivery/http/helpers.go:159.34,166.3 2 1
processing/internal/delivery/http/helpers.go:168.2,168.28 1 1
processing/internal/delivery/http/helpers.go:168.28,171.3 2 1
processing/internal/delivery/http/helpers.go:173.2,173.13 1 1
processing/internal/delivery/http/helpers.go:176.66,180.21 3 1
processing/internal/delivery/http/helpers.go:180.21,183.3 2 1
processing/internal/delivery/http/helpers.go:185.2,185.22 1 1
processing/internal/delivery/http/helpers.go:185.22,188.3 2 1
processing/internal/delivery/http/helpers.go:190.2,190.25 1 1
processing/internal/delivery/http/helpers.go:190.25,193.3 2 1
processing/internal/delivery/http/helpers.go:195.2,195.24 1 1
processing/internal/delivery/http/helpers.go:195.24,198.3 2 1
processing/internal/delivery/http/helpers.go:200.2,202.34 3 1
processing/internal/delivery/http/helpers.go:202.34,209.3 2 1
processing/internal/delivery/http/helpers.go:211.2,211.28 1 1
processing/internal/delivery/http/helpers.go:211.28,214.3 2 1
processing/internal/delivery/http/helpers.go:216.2,216.13 1 1
processing/internal/delivery/http/transaction_handler.go:20.68,27.9 5 1
processing/internal/delivery/http/transaction_handler.go:27.9,30.3 2 0
processing/internal/delivery/http/transaction_handler.go:32.2,33.16 2 1
processing/internal/delivery/http/transaction_handler.go:33.16,36.3 2 0
processing/internal/delivery/http/transaction_handler.go:38.2,40.61 3 1
processing/internal/delivery/http/transaction_handler.go:40.61,43.3 2 1
processing/internal/delivery/http/transaction_handler.go:45.2,46.16 2 1
processing/internal/delivery/http/transaction_handler.go:46.16,49.3 2 1
processing/internal/delivery/http/transaction_handler.go:51.2,52.16 2 1
processing/internal/delivery/http/transaction_handler.go:52.16,53.187 1 1
processing/internal/delivery/http/transaction_handler.go:53.187,56.4 2 0
processing/internal/delivery/http/transaction_handler.go:57.3,58.9 2 1
processing/internal/delivery/http/transaction_handler.go:61.2,61.109 1 1
processing/internal/delivery/http/transaction_handler.go:61.109,63.3 1 0
processing/internal/delivery/http/transaction_handler.go:73.74,77.16 4 1
processing/internal/delivery/http/transaction_handler.go:77.16,80.3 2 1
processing/internal/delivery/http/transaction_handler.go:82.2,84.9 3 1
processing/internal/delivery/http/transaction_handler.go:84.9,87.3 2 0
processing/internal/delivery/http/transaction_handler.go:89.2,90.16 2 1
processing/internal/delivery/http/transaction_handler.go:90.16,93.3 2 0
processing/internal/delivery/http/transaction_handler.go:95.2,97.16 3 1
processing/internal/delivery/http/transaction_handler.go:97.16,98.45 1 1
processing/internal/delivery/http/transaction_handler.go:98.45,101.4 2 1
processing/internal/delivery/http/transaction_handler.go:102.3,103.9 2 1
processing/internal/delivery/http/transaction_handler.go:106.2,106.65 1 1
processing/internal/delivery/http/transaction_handler.go:106.65,108.3 1 0
processing/internal/delivery/http/transaction_handler.go:115.77,121.9 5 1
processing/internal/delivery/http/transaction_handler.go:121.9,124.3 2 0
processing/internal/delivery/http/transaction_handler.go:126.2,127.16 2 1
processing/internal/delivery/http/transaction_handler.go:127.16,130.3 2 0
processing/internal/delivery/http/transaction_handler.go:132.2,135.16 4 1
processing/internal/delivery/http/transaction_handler.go:135.16,138.3 2 1
processing/internal/delivery/http/transaction_handler.go:140.2,141.16 2 1
processing/internal/delivery/http/transaction_handler.go:141.16,144.3 2 1
processing/internal/delivery/http/transaction_handler.go:146.2,146.66 1 1
processing/internal/delivery/http/transaction_handler.go:146.66,148.3 1 0
processing/internal/infrastructure/cache/redis.go:58.44,68.2 2 1
processing/internal/infrastructure/cache/redis.go:72.96,74.16 2 1
processing/internal/infrastructure/cache/redis.go:74.16,76.3 1 0
processing/internal/infrastructure/cache/redis.go:78.2,78.10 1 1
processing/internal/infrastructure/cache/redis.go:78.10,80.3 1 1
processing/internal/infrastructure/cache/redis.go:81.2,81.12 1 1
processing/internal/infrastructure/cache/redis.go:86.74,87.91 1 1
processing/internal/infrastructure/cache/redis.go:87.91,89.3 1 1
processing/internal/infrastructure/cache/redis.go:91.2,91.91 1 1
processing/internal/infrastructure/cache/redis.go:91.91,93.3 1 0
processing/internal/infrastructure/cache/redis.go:95.2,95.92 1 1
processing/internal/infrastructure/cache/redis.go:95.92,97.3 1 0
processing/internal/infrastructure/cache/redis.go:99.2,99.12 1 1
processing/internal/infrastructure/cache/redis.go:102.121,109.16 6 1
processing/internal/infrastructure/cache/redis.go:109.16,111.3 1 0
processing/internal/infrastructure/cache/redis.go:113.2,114.9 2 1
processing/internal/infrastructure/cache/redis.go:114.9,116.3 1 0
processing/internal/infrastructure/cache/redis.go:118.2,118.18 1 1
processing/internal/infrastructure/cache/redis.go:118.18,120.3 1 1
processing/internal/infrastructure/cache/redis.go:122.2,122.12 1 1
processing/internal/infrastructure/storage/helper.go:12.95,17.34 4 0
processing/internal/infrastructure/storage/helper.go:17.34,21.3 3 0
processing/internal/infrastructure/storage/helper.go:23.2,23.33 1 0
processing/internal/infrastructure/storage/helper.go:23.33,27.3 3 0
processing/internal/infrastructure/storage/helper.go:29.2,29.35 1 0
processing/internal/infrastructure/storage/helper.go:29.35,33.3 3 0
processing/internal/infrastructure/storage/helper.go:35.2,35.28 1 0
processing/internal/infrastructure/storage/helper.go:35.28,37.17 2 0
processing/internal/infrastructure/storage/helper.go:37.17,39.4 1 0
processing/internal/infrastructure/storage/helper.go:40.3,42.15 3 0
processing/internal/infrastructure/storage/helper.go:45.2,45.28 1 0
processing/internal/infrastructure/storage/helper.go:45.28,47.17 2 0
processing/internal/infrastructure/storage/helper.go:47.17,49.4 1 0
processing/internal/infrastructure/storage/helper.go:50.3,52.15 3 0
processing/internal/infrastructure/storage/helper.go:55.2,55.27 1 0
processing/internal/infrastructure/storage/helper.go:55.27,59.3 3 0
processing/internal/infrastructure/storage/helper.go:61.2,61.25 1 0
processing/internal/infrastructure/storage/helper.go:61.25,65.3 3 0
processing/internal/infrastructure/storage/helper.go:67.2,69.22 2 0
processing/internal/infrastructure/storage/helper.go:69.22,73.3 3 0
processing/internal/infrastructure/storage/helper.go:75.2,75.23 1 0
processing/internal/infrastructure/storage/helper.go:75.23,78.3 2 0
processing/internal/infrastructure/storage/helper.go:80.2,80.20 1 0
processing/internal/infrastructure/storage/storage.go:36.58,36.79 1 0
processing/internal/infrastructure/storage/storage.go:37.58,37.74 1 0
processing/internal/infrastructure/storage/storage.go:38.58,38.76 1 0
processing/internal/infrastructure/storage/storage.go:40.32,42.2 1 0
processing/internal/infrastructure/storage/storage.go:44.34,46.2 1 0
processing/internal/infrastructure/storage/storage.go:52.45,54.2 1 0
processing/internal/infrastructure/storage/storage.go:57.76,59.16 2 0
processing/internal/infrastructure/storage/storage.go:59.16,61.3 1 0
processing/internal/infrastructure/storage/storage.go:62.2,67.8 1 0
processing/internal/infrastructure/storage/storage.go:71.77,74.120 2 0
processing/internal/infrastructure/storage/storage.go:74.120,76.54 2 0
processing/internal/infrastructure/storage/storage.go:76.54,78.4 1 0
processing/internal/infrastructure/storage/storage.go:79.3,79.68 1 0
processing/internal/infrastructure/storage/storage.go:81.2,81.12 1 0
processing/internal/infrastructure/storage/storage.go:85.91,89.16 4 0
processing/internal/infrastructure/storage/storage.go:89.16,90.36 1 0
processing/internal/infrastructure/storage/storage.go:90.36,92.4 1 0
processing/internal/infrastructure/storage/storage.go:93.3,93.94 1 0
processing/internal/infrastructure/storage/storage.go:95.2,95.16 1 0
processing/internal/infrastructure/storage/storage.go:99.94,103.16 4 0
processing/internal/infrastructure/storage/storage.go:103.16,104.36 1 0
processing/internal/infrastructure/storage/storage.go:104.36,106.4 1 0
processing/internal/infrastructure/storage/storage.go:107.3,107.97 1 0
processing/internal/infrastructure/storage/storage.go:109.2,109.16 1 0
processing/internal/infrastructure/storage/storage.go:113.99,120.16 3 0
processing/internal/infrastructure/storage/storage.go:120.16,122.3 1 0
processing/internal/infrastructure/storage/storage.go:124.2,125.16 2 0
processing/internal/infrastructure/storage/storage.go:125.16,127.3 1 0
processing/internal/infrastructure/storage/storage.go:128.2,128.15 1 0
processing/internal/infrastructure/storage/storage.go:128.15,130.3 1 0
processing/internal/infrastructure/storage/storage.go:132.2,132.12 1 0
processing/internal/infrastructure/storage/storage.go:136.101,139.16 3 0
processing/internal/infrastructure/storage/storage.go:139.16,141.3 1 0
processing/internal/infrastructure/storage/storage.go:143.2,144.16 2 0
processing/internal/infrastructure/storage/storage.go:144.16,146.3 1 0
processing/internal/infrastructure/storage/storage.go:148.2,148.15 1 0
processing/internal/infrastructure/storage/storage.go:148.15,150.3 1 0
processing/internal/infrastructure/storage/storage.go:152.2,152.12 1 0
processing/internal/infrastructure/storage/storage.go:156.81,162.48 2 0
processing/internal/infrastructure/storage/storage.go:162.48,164.3 1 0
processing/internal/infrastructure/storage/storage.go:165.2,165.12 1 0
processing/internal/infrastructure/storage/storage.go:169.115,174.105 2 0
processing/internal/infrastructure/storage/storage.go:174.105,176.3 1 0
processing/internal/infrastructure/storage/storage.go:177.2,177.12 1 0
processing/internal/infrastructure/storage/storage.go:180.100,193.16 4 0
processing/internal/infrastructure/storage/storage.go:193.16,195.3 1 0
processing/internal/infrastructure/storage/storage.go:196.2,196.25 1 0
processing/internal/infrastructure/storage/storage.go:200.118,202.17 2 0
processing/internal/infrastructure/storage/storage.go:202.17,204.3 1 0
processing/internal/infrastructure/storage/storage.go:206.2,207.16 2 0
processing/internal/infrastructure/storage/storage.go:207.16,209.3 1 0
processing/internal/infrastructure/storage/storage.go:210.2,213.18 3 0
processing/internal/infrastructure/storage/storage.go:213.18,223.17 3 0
processing/internal/infrastructure/storage/storage.go:223.17,225.4 1 0
processing/internal/infrastructure/storage/storage.go:226.3,226.41 1 0
processing/internal/infrastructure/storage/storage.go:229.2,229.34 1 0
processing/internal/infrastructure/storage/storage.go:229.34,231.3 1 0
processing/internal/infrastructure/storage/storage.go:233.2,233.26 1 0
processing/internal/infrastructure/storage/storage.go:236.88,240.78 3 0
processing/internal/infrastructure/storage/storage.go:240.78,242.3 1 0
processing/internal/infrastructure/storage/storage.go:244.2,244.19 1 0
processing/internal/infrastructure/storage/storage.go:247.113,251.16 3 0
processing/internal/infrastructure/storage/storage.go:251.16,253.3 1 0
processing/internal/infrastructure/storage/storage.go:255.2,256.16 2 0
processing/internal/infrastructure/storage/storage.go:256.16,258.3 1 0
processing/internal/infrastructure/storage/storage.go:260.2,260.15 1 0
processing/internal/infrastructure/storage/storage.go:260.15,262.3 1 0
processing/internal/infrastructure/storage/storage.go:264.2,264.12 1 0
processing/internal/infrastructure/storage/storage.go:267.100,272.16 4 0
processing/internal/infrastructure/storage/storage.go:272.16,273.36 1 0
processing/internal/infrastructure/storage/storage.go:273.36,275.4 1 0
processing/internal/infrastructure/storage/storage.go:276.3,276.77 1 0
processing/internal/infrastructure/storage/storage.go:279.2,279.21 1 0
processing/internal/infrastructure/storage/storage.go:282.77,286.16 3 0
processing/internal/infrastructure/storage/storage.go:286.16,288.3 1 0
processing/internal/infrastructure/storage/storage.go:290.2,291.16 2 0
processing/internal/infrastructure/storage/storage.go:291.16,293.3 1 0
processing/internal/infrastructure/storage/storage.go:295.2,295.15 1 0
processing/internal/infrastructure/storage/storage.go:295.15,297.3 1 0
processing/internal/infrastructure/storage/storage.go:299.2,299.12 1 0
processing/internal/infrastructure/storage/storage.go:302.84,306.16 3 0
processing/internal/infrastructure/storage/storage.go:306.16,308.3 1 0
processing/internal/infrastructure/storage/storage.go:310.2,311.16 2 0
processing/internal/infrastructure/storage/storage.go:311.16,313.3 1 0
processing/internal/infrastructure/storage/storage.go:315.2,315.15 1 0
processing/internal/infrastructure/storage/storage.go:315.15,317.3 1 0
processing/internal/infrastructure/storage/storage.go:319.2,319.12 1 0
processing/internal/decimal/decimal.go:20.51,28.26 6 0
processing/internal/decimal/decimal.go:28.26,29.27 1 0
processing/internal/decimal/decimal.go:29.27,30.19 1 0
processing/internal/decimal/decimal.go:30.19,32.5 1 0
processing/internal/decimal/decimal.go:33.4,34.12 2 0
processing/internal/decimal/decimal.go:37.3,37.15 1 0
processing/internal/decimal/decimal.go:37.15,38.19 1 0
processing/internal/decimal/decimal.go:38.19,40.5 1 0
processing/internal/decimal/decimal.go:41.4,41.14 1 0
processing/internal/decimal/decimal.go:45.2,45.18 1 0
processing/internal/decimal/decimal.go:45.18,47.17 2 0
processing/internal/decimal/decimal.go:47.17,48.73 1 0
processing/internal/decimal/decimal.go:48.73,50.5 1 0
processing/internal/decimal/decimal.go:51.4,51.95 1 0
processing/internal/decimal/decimal.go:53.3,54.15 2 0
processing/internal/decimal/decimal.go:57.2,57.18 1 0
processing/internal/decimal/decimal.go:57.18,61.3 1 0
processing/internal/decimal/decimal.go:61.8,62.28 1 0
processing/internal/decimal/decimal.go:62.28,64.4 1 0
processing/internal/decimal/decimal.go:64.9,66.4 1 0
processing/internal/decimal/decimal.go:67.3,68.23 2 0
processing/internal/decimal/decimal.go:71.2,73.26 2 0
processing/internal/decimal/decimal.go:73.26,75.17 2 0
processing/internal/decimal/decimal.go:75.17,77.4 1 0
processing/internal/decimal/decimal.go:78.3,78.32 1 0
processing/internal/decimal/decimal.go:79.8,82.10 3 0
processing/internal/decimal/decimal.go:82.10,84.4 1 0
processing/internal/decimal/decimal.go:87.2,87.48 1 0
processing/internal/decimal/decimal.go:87.48,90.3 1 0
processing/internal/decimal/decimal.go:92.2,95.8 1 0
processing/internal/decimal/decimal.go:98.34,100.2 1 0
processing/internal/decimal/decimal.go:103.42,111.2 3 0
processing/internal/decimal/decimal.go:114.42,122.2 3 0
processing/internal/decimal/decimal.go:125.61,126.21 1 0
processing/internal/decimal/decimal.go:126.21,128.3 1 0
processing/internal/decimal/decimal.go:128.8,128.28 1 0
processing/internal/decimal/decimal.go:128.28,130.3 1 0
processing/internal/decimal/decimal.go:132.2,132.15 1 0
processing/internal/decimal/decimal.go:140.42,142.2 1 0
processing/internal/decimal/decimal.go:144.38,145.21 1 0
processing/internal/decimal/decimal.go:145.21,147.3 1 0
processing/internal/decimal/decimal.go:149.2,151.42 2 0
processing/internal/decimal/decimal.go:154.52,157.19 3 0
processing/internal/decimal/decimal.go:157.19,159.3 1 0
processing/internal/decimal/decimal.go:160.2,162.21 3 0
processing/internal/decimal/decimal.go:162.21,165.3 2 0
processing/internal/decimal/decimal.go:166.2,167.24 2 0
processing/internal/decimal/decimal.go:167.24,169.3 1 0
processing/internal/decimal/decimal.go:170.2,170.15 1 0
processing/internal/decimal/decimal.go:173.79,174.16 1 0
processing/internal/decimal/decimal.go:174.16,176.3 1 0
processing/internal/decimal/decimal.go:177.2,177.16 1 0
processing/internal/decimal/decimal.go:177.16,178.28 1 0
processing/internal/decimal/decimal.go:178.28,180.4 1 0
processing/internal/decimal/decimal.go:180.9,182.4 1 0
processing/internal/decimal/decimal.go:185.2,193.25 5 0
processing/internal/decimal/decimal.go:193.25,196.3 2 0
processing/internal/decimal/decimal.go:196.8,201.3 3 0
processing/internal/decimal/decimal.go:203.2,203.23 1 0
processing/internal/decimal/decimal.go:203.23,205.21 2 0
processing/internal/decimal/decimal.go:205.21,206.32 1 0
processing/internal/decimal/decimal.go:206.32,207.10 1 0
processing/internal/decimal/decimal.go:210.3,210.40 1 0
processing/internal/decimal/decimal.go:213.2,214.29 2 0
processing/internal/decimal/decimal.go:214.29,216.3 1 0
processing/internal/decimal/decimal.go:218.2,218.29 1 0
processing/internal/decimal/decimal.go:218.29,220.3 1 0
processing/internal/decimal/decimal.go:222.2,222.15 1 0
processing/internal/decimal/decimal.go:225.38,226.20 1 0
processing/internal/decimal/decimal.go:226.20,228.3 1 0
processing/internal/decimal/decimal.go:229.2,229.16 1 0
processing/internal/decimal/decimal.go:232.45,233.18 1 0
processing/internal/decimal/decimal.go:233.18,238.3 1 0
processing/internal/decimal/decimal.go:241.2,245.17 4 0
processing/internal/decimal/decimal.go:245.17,247.3 1 0
processing/internal/decimal/decimal.go:247.8,247.24 1 0
processing/internal/decimal/decimal.go:247.24,249.3 1 0
processing/internal/decimal/decimal.go:251.2,254.3 1 0
processing/internal/decimal/decimal.go:262.29,264.2 1 0
processing/internal/decimal/decimal.go:271.36,273.2 1 0
processing/internal/decimal/decimal.go:275.21,280.2 1 0
processing/internal/decimal/decimal.go:283.48,285.2 1 0
processing/internal/decimal/decimal.go:288.52,290.49 2 0
processing/internal/decimal/decimal.go:290.49,293.52 2 0
processing/internal/decimal/decimal.go:293.52,295.4 1 0
processing/internal/decimal/decimal.go:295.9,297.4 1 0
processing/internal/decimal/decimal.go:300.2,302.12 3 0
processing/internal/decimal/sql.go:9.49,11.27 1 0
processing/internal/decimal/sql.go:12.14,15.13 3 0
processing/internal/decimal/sql.go:17.14,20.13 3 0
processing/internal/decimal/sql.go:22.10,23.78 1 0
processing/internal/decimal/sql.go:28.48,30.2 1 0
processing/internal/decimal/sql.go:32.43,34.69 1 0
processing/internal/decimal/sql.go:34.69,36.3 1 0
processing/internal/decimal/sql.go:38.2,38.14 1 0
processing/internal/infrastructure/config/config.go:37.30,38.40 1 0
processing/internal/infrastructure/config/config.go:38.40,40.3 1 0
processing/internal/infrastructure/config/config.go:42.2,65.17 4 0
processing/internal/infrastructure/config/config.go:68.47,73.2 1 0
processing/internal/infrastructure/config/config.go:75.41,80.2 1 0
processing/internal/infrastructure/config/config.go:82.46,83.42 1 0
processing/internal/infrastructure/config/config.go:83.42,85.3 1 0
processing/internal/infrastructure/config/config.go:86.2,86.21 1 0
processing/internal/infrastructure/config/config.go:89.56,90.42 1 0
processing/internal/infrastructure/config/config.go:90.42,91.60 1 0
processing/internal/infrastructure/config/config.go:91.60,93.4 1 0
processing/internal/infrastructure/config/config.go:95.2,95.21 1 0
processing/internal/delivery/http/jwt/jwt.go:19.79,23.53 3 0
processing/internal/delivery/http/jwt/jwt.go:23.53,25.3 1 0
processing/internal/delivery/http/jwt/jwt.go:27.2,42.16 7 0
processing/internal/delivery/http/jwt/jwt.go:42.16,44.3 1 0
processing/internal/delivery/http/jwt/jwt.go:46.2,47.16 2 0
processing/internal/delivery/http/jwt/jwt.go:47.16,49.3 1 0
processing/internal/delivery/http/jwt/jwt.go:51.2,62.16 4 0
processing/internal/delivery/http/jwt/jwt.go:62.16,64.3 1 0
processing/internal/delivery/http/jwt/jwt.go:66.2,72.8 1 0
processing/internal/delivery/http/jwt/jwt.go:75.76,80.43 2 0
processing/internal/delivery/http/jwt/jwt.go:80.43,81.55 1 0
processing/internal/delivery/http/jwt/jwt.go:81.55,83.5 1 0
processing/internal/delivery/http/jwt/jwt.go:84.4,84.39 1 0
processing/internal/delivery/http/jwt/jwt.go:87.2,87.16 1 0
processing/internal/delivery/http/jwt/jwt.go:87.16,88.42 1 0
processing/internal/delivery/http/jwt/jwt.go:88.42,90.4 1 0
processing/internal/delivery/http/jwt/jwt.go:90.9,90.58 1 0
processing/internal/delivery/http/jwt/jwt.go:90.58,92.4 1 0
processing/internal/delivery/http/jwt/jwt.go:93.3,93.69 1 0
processing/internal/delivery/http/jwt/jwt.go:96.2,97.9 2 0
processing/internal/delivery/http/jwt/jwt.go:97.9,99.3 1 0
processing/internal/delivery/http/jwt/jwt.go:101.2,101.20 1 0
processing/internal/delivery/http/jwt/jwt.go:104.78,110.43 2 0
processing/internal/delivery/http/jwt/jwt.go:110.43,111.55 1 0
processing/internal/delivery/http/jwt/jwt.go:111.55,113.5 1 0
processing/internal/delivery/http/jwt/jwt.go:114.4,114.40 1 0
processing/internal/delivery/http/jwt/jwt.go:117.2,117.16 1 0
processing/internal/delivery/http/jwt/jwt.go:117.16,118.42 1 0
processing/internal/delivery/http/jwt/jwt.go:118.42,120.4 1 0
processing/internal/delivery/http/jwt/jwt.go:120.9,120.58 1 0
processing/internal/delivery/http/jwt/jwt.go:120.58,122.4 1 0
processing/internal/delivery/http/jwt/jwt.go:123.3,123.69 1 0
processing/internal/delivery/http/jwt/jwt.go:126.2,127.9 2 0
processing/internal/delivery/http/jwt/jwt.go:127.9,129.3 1 0
processing/internal/delivery/http/jwt/jwt.go:131.2,131.20 1 0
processing/internal/infrastructure/logger/logger.go:8.67,10.62 2 0
processing/internal/infrastructure/logger/logger.go:10.62,12.3 1 0
processing/internal/infrastructure/logger/logger.go:14.2,15.13 2 0
processing/internal/infrastructure/logger/logger.go:16.20,20.6 1 0
processing/internal/infrastructure/logger/logger.go:21.10,25.6 1 0
processing/internal/infrastructure/logger/logger.go:28.2,28.20 1 0
processing/internal/infrastructure/logger/logger.go:31.68,32.19 1 0
processing/internal/infrastructure/logger/logger.go:32.19,34.3 1 0
processing/internal/infrastructure/logger/logger.go:35.2,35.40 1 0
processing/internal/delivery/http/middleware/middleware.go:13.53,14.71 1 0
processing/internal/delivery/http/middleware/middleware.go:14.71,16.17 2 0
processing/internal/delivery/http/middleware/middleware.go:16.17,19.4 2 0
processing/internal/delivery/http/middleware/middleware.go:21.3,23.40 3 0
processing/internal/delivery/http/middleware/middleware.go:27.67,30.22 3 0
processing/internal/delivery/http/middleware/middleware.go:30.22,31.48 1 0
processing/internal/delivery/http/middleware/middleware.go:31.48,33.4 1 0
processing/internal/delivery/http/middleware/middleware.go:34.3,34.52 1 0
processing/internal/delivery/http/middleware/middleware.go:35.8,37.17 2 0
processing/internal/delivery/http/middleware/middleware.go:37.17,39.4 1 0
processing/internal/delivery/http/middleware/middleware.go:40.3,40.23 1 0
processing/internal/delivery/http/middleware/middleware.go:43.2,43.17 1 0
processing/internal/delivery/http/middleware/middleware.go:43.17,45.3 1 0
processing/internal/delivery/http/middleware/middleware.go:47.2,48.16 2 0
processing/internal/delivery/http/middleware/middleware.go:48.16,50.3 1 0
processing/internal/delivery/http/middleware/middleware.go:52.2,52.25 1 0
processing/internal/delivery/http/middleware/middleware.go:52.25,54.3 1 0
processing/internal/delivery/http/middleware/middleware.go:56.2,56.20 1 0
processing/internal/delivery/http/mocks/AccountsUsecase.go:20.94,23.19 2 0
processing/internal/delivery/http/mocks/AccountsUsecase.go:23.19,24.48 1 0
processing/internal/delivery/http/mocks/AccountsUsecase.go:27.2,28.85 2 0
processing/internal/delivery/http/mocks/AccountsUsecase.go:28.85,30.3 1 0
processing/internal/delivery/http/mocks/AccountsUsecase.go:30.8,32.3 1 0
processing/internal/delivery/http/mocks/AccountsUsecase.go:34.2,34.11 1 0
processing/internal/delivery/http/mocks/AccountsUsecase.go:38.99,41.19 2 0
processing/internal/delivery/http/mocks/AccountsUsecase.go:41.19,42.52 1 0
processing/internal/delivery/http/mocks/AccountsUsecase.go:45.2,47.90 3 0
processing/internal/delivery/http/mocks/AccountsUsecase.go:47.90,49.3 1 0
processing/internal/delivery/http/mocks/AccountsUsecase.go:50.2,50.81 1 0
processing/internal/delivery/http/mocks/AccountsUsecase.go:50.81,52.3 1 0
processing/internal/delivery/http/mocks/AccountsUsecase.go:52.8,53.24 1 0
processing/internal/delivery/http/mocks/AccountsUsecase.go:53.24,55.4 1 0
processing/internal/delivery/http/mocks/AccountsUsecase.go:58.2,58.71 1 0
processing/internal/delivery/http/mocks/AccountsUsecase.go:58.71,60.3 1 0
processing/internal/delivery/http/mocks/AccountsUsecase.go:60.8,62.3 1 0
processing/internal/delivery/http/mocks/AccountsUsecase.go:64.2,64.15 1 0
processing/internal/delivery/http/mocks/AccountsUsecase.go:68.147,71.19 2 0
processing/internal/delivery/http/mocks/AccountsUsecase.go:71.19,72.60 1 0
processing/internal/delivery/http/mocks/AccountsUsecase.go:75.2,78.110 4 0
processing/internal/delivery/http/mocks/AccountsUsecase.go:78.110,80.3 1 0
processing/internal/delivery/http/mocks/AccountsUsecase.go:81.2,81.79 1 0
processing/internal/delivery/http/mocks/AccountsUsecase.go:81.79,83.3 1 0
processing/internal/delivery/http/mocks/AccountsUsecase.go:83.8,85.3 1 0
processing/internal/delivery/http/mocks/AccountsUsecase.go:87.2,87.96 1 0
processing/internal/delivery/http/mocks/AccountsUsecase.go:87.96,89.3 1 0
processing/internal/delivery/http/mocks/AccountsUsecase.go:89.8,90.24 1 0
processing/internal/delivery/http/mocks/AccountsUsecase.go:90.24,92.4 1 0
processing/internal/delivery/http/mocks/AccountsUsecase.go:95.2,95.81 1 0
processing/internal/delivery/http/mocks/AccountsUsecase.go:95.81,97.3 1 0
processing/internal/delivery/http/mocks/AccountsUsecase.go:97.8,99.3 1 0
processing/internal/delivery/http/mocks/AccountsUsecase.go:101.2,101.19 1 0
processing/internal/delivery/http/mocks/AccountsUsecase.go:109.21,113.19 3 0
processing/internal/delivery/http/mocks/AccountsUsecase.go:113.19,113.49 1 0
processing/internal/delivery/http/mocks/AccountsUsecase.go:115.2,115.13 1 0
processing/internal/delivery/http/mocks/AuthUseCase.go:20.120,23.19 2 0
processing/internal/delivery/http/mocks/AuthUseCase.go:23.19,24.47 1 0
processing/internal/delivery/http/mocks/AuthUseCase.go:27.2,29.105 3 0
processing/internal/delivery/http/mocks/AuthUseCase.go:29.105,31.3 1 0
processing/internal/delivery/http/mocks/AuthUseCase.go:32.2,32.96 1 0
processing/internal/delivery/http/mocks/AuthUseCase.go:32.96,34.3 1 0
processing/internal/delivery/http/mocks/AuthUseCase.go:34.8,35.24 1 0
processing/internal/delivery/http/mocks/AuthUseCase.go:35.24,37.4 1 0
processing/internal/delivery/http/mocks/AuthUseCase.go:40.2,40.84 1 0
processing/internal/delivery/http/mocks/AuthUseCase.go:40.84,42.3 1 0
processing/internal/delivery/http/mocks/AuthUseCase.go:42.8,44.3 1 0
processing/internal/delivery/http/mocks/AuthUseCase.go:46.2,46.15 1 0
processing/internal/delivery/http/mocks/AuthUseCase.go:50.90,53.19 2 0
processing/internal/delivery/http/mocks/AuthUseCase.go:53.19,54.48 1 0
processing/internal/delivery/http/mocks/AuthUseCase.go:57.2,58.76 2 0
processing/internal/delivery/http/mocks/AuthUseCase.go:58.76,60.3 1 0
processing/internal/delivery/http/mocks/AuthUseCase.go:60.8,62.3 1 0
processing/internal/delivery/http/mocks/AuthUseCase.go:64.2,64.11 1 0
processing/internal/delivery/http/mocks/AuthUseCase.go:68.79,71.19 2 0
processing/internal/delivery/http/mocks/AuthUseCase.go:71.19,72.51 1 0
processing/internal/delivery/http/mocks/AuthUseCase.go:75.2,76.71 2 0
processing/internal/delivery/http/mocks/AuthUseCase.go:76.71,78.3 1 0
processing/internal/delivery/http/mocks/AuthUseCase.go:78.8,80.3 1 0
processing/internal/delivery/http/mocks/AuthUseCase.go:82.2,82.11 1 0
processing/internal/delivery/http/mocks/AuthUseCase.go:86.112,89.19 2 0
processing/internal/delivery/http/mocks/AuthUseCase.go:89.19,90.49 1 0
processing/internal/delivery/http/mocks/AuthUseCase.go:93.2,95.97 3 0
processing/internal/delivery/http/mocks/AuthUseCase.go:95.97,97.3 1 0
processing/internal/delivery/http/mocks/AuthUseCase.go:98.2,98.88 1 0
processing/internal/delivery/http/mocks/AuthUseCase.go:98.88,100.3 1 0
processing/internal/delivery/http/mocks/AuthUseCase.go:100.8,101.24 1 0
processing/internal/delivery/http/mocks/AuthUseCase.go:101.24,103.4 1 0
processing/internal/delivery/http/mocks/AuthUseCase.go:106.2,106.76 1 0
processing/internal/delivery/http/mocks/AuthUseCase.go:106.76,108.3 1 0
processing/internal/delivery/http/mocks/AuthUseCase.go:108.8,110.3 1 0
processing/internal/delivery/http/mocks/AuthUseCase.go:112.2,112.15 1 0
processing/internal/delivery/http/mocks/AuthUseCase.go:116.134,119.19 2 0
processing/internal/delivery/http/mocks/AuthUseCase.go:119.19,120.50 1 0
processing/internal/delivery/http/mocks/AuthUseCase.go:123.2,125.111 3 0
processing/internal/delivery/http/mocks/AuthUseCase.go:125.111,127.3 1 0
processing/internal/delivery/http/mocks/AuthUseCase.go:128.2,128.102 1 0
processing/internal/delivery/http/mocks/AuthUseCase.go:128.102,130.3 1 0
processing/internal/delivery/http/mocks/AuthUseCase.go:130.8,131.24 1 0
processing/internal/delivery/http/mocks/AuthUseCase.go:131.24,133.4 1 0
processing/internal/delivery/http/mocks/AuthUseCase.go:136.2,136.92 1 0
processing/internal/delivery/http/mocks/AuthUseCase.go:136.92,138.3 1 0
processing/internal/delivery/http/mocks/AuthUseCase.go:138.8,140.3 1 0
processing/internal/delivery/http/mocks/AuthUseCase.go:142.2,142.15 1 0
processing/internal/delivery/http/mocks/AuthUseCase.go:150.17,154.19 3 0
processing/internal/delivery/http/mocks/AuthUseCase.go:154.19,154.49 1 0
processing/internal/delivery/http/mocks/AuthUseCase.go:156.2,156.13 1 0
processing/internal/delivery/http/mocks/TransactionUsecase.go:21.150,24.19 2 0
processing/internal/delivery/http/mocks/TransactionUsecase.go:24.19,25.56 1 0
processing/internal/delivery/http/mocks/TransactionUsecase.go:28.2,30.112 3 0
processing/internal/delivery/http/mocks/TransactionUsecase.go:30.112,32.3 1 0
processing/internal/delivery/http/mocks/TransactionUsecase.go:33.2,33.103 1 0
processing/internal/delivery/http/mocks/TransactionUsecase.go:33.103,35.3 1 0
processing/internal/delivery/http/mocks/TransactionUsecase.go:35.8,37.3 1 0
processing/internal/delivery/http/mocks/TransactionUsecase.go:39.2,39.90 1 0
processing/internal/delivery/http/mocks/TransactionUsecase.go:39.90,41.3 1 0
processing/internal/delivery/http/mocks/TransactionUsecase.go:41.8,43.3 1 0
processing/internal/delivery/http/mocks/TransactionUsecase.go:45.2,45.15 1 0
processing/internal/delivery/http/mocks/TransactionUsecase.go:49.162,52.19 2 0
processing/internal/delivery/http/mocks/TransactionUsecase.go:52.19,53.62 1 0
processing/internal/delivery/http/mocks/TransactionUsecase.go:56.2,58.130 3 0
processing/internal/delivery/http/mocks/TransactionUsecase.go:58.130,60.3 1 0
processing/internal/delivery/http/mocks/TransactionUsecase.go:61.2,61.121 1 0
processing/internal/delivery/http/mocks/TransactionUsecase.go:61.121,63.3 1 0
processing/internal/delivery/http/mocks/TransactionUsecase.go:63.8,64.24 1 0
processing/internal/delivery/http/mocks/TransactionUsecase.go:64.24,66.4 1 0
processing/internal/delivery/http/mocks/TransactionUsecase.go:69.2,69.106 1 0
processing/internal/delivery/http/mocks/TransactionUsecase.go:69.106,71.3 1 0
processing/internal/delivery/http/mocks/TransactionUsecase.go:71.8,73.3 1 0
processing/internal/delivery/http/mocks/TransactionUsecase.go:75.2,75.15 1 0
processing/internal/delivery/http/mocks/TransactionUsecase.go:79.157,82.19 2 0
processing/internal/delivery/http/mocks/TransactionUsecase.go:82.19,83.50 1 0
processing/internal/delivery/http/mocks/TransactionUsecase.go:86.2,88.117 3 0
processing/internal/delivery/http/mocks/TransactionUsecase.go:88.117,90.3 1 0
processing/internal/delivery/http/mocks/TransactionUsecase.go:91.2,91.108 1 0
processing/internal/delivery/http/mocks/TransactionUsecase.go:91.108,93.3 1 0
processing/internal/delivery/http/mocks/TransactionUsecase.go:93.8,95.3 1 0
processing/internal/delivery/http/mocks/TransactionUsecase.go:97.2,97.107 1 0
processing/internal/delivery/http/mocks/TransactionUsecase.go:97.107,99.3 1 0
processing/internal/delivery/http/mocks/TransactionUsecase.go:99.8,101.3 1 0
processing/internal/delivery/http/mocks/TransactionUsecase.go:103.2,103.15 1 0
processing/internal/delivery/http/mocks/TransactionUsecase.go:111.24,115.19 3 0
processing/internal/delivery/http/mocks/TransactionUsecase.go:115.19,115.49 1 0
processing/internal/delivery/http/mocks/TransactionUsecase.go:117.2,117.13 1 0
processing/internal/usecase/accounts.go:25.96,32.2 2 0
processing/internal/usecase/accounts.go:35.94,36.57 1 0
processing/internal/usecase/accounts.go:36.57,39.3 2 0
processing/internal/usecase/accounts.go:41.2,41.72 1 0
processing/internal/usecase/accounts.go:41.72,44.3 2 0
processing/internal/usecase/accounts.go:46.2,47.16 2 0
processing/internal/usecase/accounts.go:47.16,50.3 2 0
processing/internal/usecase/accounts.go:51.2,53.56 2 0
processing/internal/usecase/accounts.go:53.56,56.3 2 0
processing/internal/usecase/accounts.go:58.2,58.37 1 0
processing/internal/usecase/accounts.go:58.37,61.3 2 0
processing/internal/usecase/accounts.go:63.2,64.12 2 0
processing/internal/usecase/accounts.go:68.99,69.66 1 0
processing/internal/usecase/accounts.go:69.66,72.3 2 0
processing/internal/usecase/accounts.go:74.2,75.16 2 0
processing/internal/usecase/accounts.go:75.16,78.3 2 0
processing/internal/usecase/accounts.go:79.2,82.16 3 0
processing/internal/usecase/accounts.go:82.16,85.3 2 0
processing/internal/usecase/accounts.go:87.2,87.37 1 0
processing/internal/usecase/accounts.go:87.37,90.3 2 0
processing/internal/usecase/accounts.go:92.2,93.17 2 0
processing/internal/usecase/accounts.go:97.143,98.73 1 0
processing/internal/usecase/accounts.go:98.73,101.3 2 0
processing/internal/usecase/accounts.go:103.2,104.16 2 0
processing/internal/usecase/accounts.go:104.16,107.3 2 0
processing/internal/usecase/accounts.go:108.2,113.16 4 0
processing/internal/usecase/accounts.go:113.16,116.3 2 0
processing/internal/usecase/accounts.go:118.2,126.16 4 0
processing/internal/usecase/accounts.go:126.16,129.3 2 0
processing/internal/usecase/accounts.go:131.2,131.37 1 0
processing/internal/usecase/accounts.go:131.37,134.3 2 0
processing/internal/usecase/accounts.go:136.2,137.33 2 0
processing/internal/usecase/auth.go:24.89,31.2 2 0
processing/internal/usecase/auth.go:34.120,35.57 1 0
processing/internal/usecase/auth.go:35.57,38.3 2 0
processing/internal/usecase/auth.go:40.2,41.84 2 0
processing/internal/usecase/auth.go:41.84,44.3 2 0
processing/internal/usecase/auth.go:46.2,47.16 2 0
processing/internal/usecase/auth.go:47.16,50.3 2 0
processing/internal/usecase/auth.go:52.2,53.16 2 0
processing/internal/usecase/auth.go:53.16,56.3 2 0
processing/internal/usecase/auth.go:57.2,68.60 3 0
processing/internal/usecase/auth.go:68.60,71.3 2 0
processing/internal/usecase/auth.go:73.2,73.37 1 0
processing/internal/usecase/auth.go:73.37,76.3 2 0
processing/internal/usecase/auth.go:78.2,79.21 2 0
processing/internal/usecase/auth.go:83.113,84.57 1 0
processing/internal/usecase/auth.go:84.57,87.3 2 0
processing/internal/usecase/auth.go:89.2,90.16 2 0
processing/internal/usecase/auth.go:90.16,93.3 2 0
processing/internal/usecase/auth.go:94.2,97.16 3 0
processing/internal/usecase/auth.go:97.16,100.3 2 0
processing/internal/usecase/auth.go:102.2,102.102 1 0
processing/internal/usecase/auth.go:102.102,105.3 2 0
processing/internal/usecase/auth.go:107.2,108.16 2 0
processing/internal/usecase/auth.go:108.16,111.3 2 0
processing/internal/usecase/auth.go:113.2,113.116 1 0
processing/internal/usecase/auth.go:113.116,116.3 2 0
processing/internal/usecase/auth.go:118.2,118.37 1 0
processing/internal/usecase/auth.go:118.37,121.3 2 0
processing/internal/usecase/auth.go:123.2,129.8 2 0
processing/internal/usecase/auth.go:133.112,134.57 1 0
processing/internal/usecase/auth.go:134.57,137.3 2 0
processing/internal/usecase/auth.go:139.2,140.16 2 0
processing/internal/usecase/auth.go:140.16,143.3 2 0
processing/internal/usecase/auth.go:145.2,146.16 2 0
processing/internal/usecase/auth.go:146.16,149.3 2 0
processing/internal/usecase/auth.go:150.2,153.16 3 0
processing/internal/usecase/auth.go:153.16,154.53 1 0
processing/internal/usecase/auth.go:154.53,157.4 2 0
processing/internal/usecase/auth.go:158.3,158.18 1 0
processing/internal/usecase/auth.go:161.2,161.21 1 0
processing/internal/usecase/auth.go:161.21,164.3 2 0
processing/internal/usecase/auth.go:166.2,166.41 1 0
processing/internal/usecase/auth.go:166.41,169.3 2 0
processing/internal/usecase/auth.go:171.2,171.72 1 0
processing/internal/usecase/auth.go:171.72,174.3 2 0
processing/internal/usecase/auth.go:176.2,177.16 2 0
processing/internal/usecase/auth.go:177.16,180.3 2 0
processing/internal/usecase/auth.go:182.2,183.16 2 0
processing/internal/usecase/auth.go:183.16,186.3 2 0
processing/internal/usecase/auth.go:188.2,188.122 1 0
processing/internal/usecase/auth.go:188.122,191.3 2 0
processing/internal/usecase/auth.go:193.2,193.37 1 0
processing/internal/usecase/auth.go:193.37,196.3 2 0
processing/internal/usecase/auth.go:198.2,204.8 2 0
processing/internal/usecase/auth.go:208.90,209.57 1 0
processing/internal/usecase/auth.go:209.57,211.3 1 0
processing/internal/usecase/auth.go:213.2,214.16 2 0
processing/internal/usecase/auth.go:214.16,217.3 2 0
processing/internal/usecase/auth.go:219.2,220.16 2 0
processing/internal/usecase/auth.go:220.16,223.3 2 0
processing/internal/usecase/auth.go:224.2,226.72 2 0
processing/internal/usecase/auth.go:226.72,227.53 1 0
processing/internal/usecase/auth.go:227.53,230.4 2 0
processing/internal/usecase/auth.go:231.3,232.13 2 0
processing/internal/usecase/auth.go:235.2,235.37 1 0
processing/internal/usecase/auth.go:235.37,238.3 2 0
processing/internal/usecase/auth.go:240.2,241.12 2 0
processing/internal/usecase/auth.go:245.79,247.16 2 0
processing/internal/usecase/auth.go:247.16,250.3 2 0
processing/internal/usecase/auth.go:251.2,253.70 2 0
processing/internal/usecase/auth.go:253.70,256.3 2 0
processing/internal/usecase/auth.go:258.2,258.37 1 0
processing/internal/usecase/auth.go:258.37,261.3 2 0
processing/internal/usecase/auth.go:263.2,264.12 2 0
processing/internal/usecase/transactions.go:20.108,27.2 2 0
processing/internal/usecase/transactions.go:37.19,38.73 1 0
processing/internal/usecase/transactions.go:38.73,41.3 2 0
processing/internal/usecase/transactions.go:43.2,43.74 1 0
processing/internal/usecase/transactions.go:43.74,46.3 2 0
processing/internal/usecase/transactions.go:48.2,49.16 2 0
processing/internal/usecase/transactions.go:49.16,52.3 2 0
processing/internal/usecase/transactions.go:54.2,57.16 3 0
processing/internal/usecase/transactions.go:57.16,60.3 2 0
processing/internal/usecase/transactions.go:61.2,62.16 2 0
processing/internal/usecase/transactions.go:62.16,65.3 2 0
processing/internal/usecase/transactions.go:67.2,67.30 1 0
processing/internal/usecase/transactions.go:67.30,70.3 2 0
processing/internal/usecase/transactions.go:72.2,72.26 1 0
processing/internal/usecase/transactions.go:72.26,75.3 2 0
processing/internal/usecase/transactions.go:77.2,77.67 1 0
processing/internal/usecase/transactions.go:77.67,80.3 2 0
processing/internal/usecase/transactions.go:82.2,82.69 1 0
processing/internal/usecase/transactions.go:82.69,85.3 2 0
processing/internal/usecase/transactions.go:87.2,88.16 2 0
processing/internal/usecase/transactions.go:88.16,91.3 2 0
processing/internal/usecase/transactions.go:93.2,93.64 1 0
processing/internal/usecase/transactions.go:93.64,96.3 2 0
processing/internal/usecase/transactions.go:98.2,98.89 1 0
processing/internal/usecase/transactions.go:98.89,101.3 2 0
processing/internal/usecase/transactions.go:103.2,103.37 1 0
processing/internal/usecase/transactions.go:103.37,106.3 2 0
processing/internal/usecase/transactions.go:108.2,109.28 2 0
processing/internal/usecase/transactions.go:118.31,119.70 1 0
processing/internal/usecase/transactions.go:119.70,122.3 2 0
processing/internal/usecase/transactions.go:124.2,125.16 2 0
processing/internal/usecase/transactions.go:125.16,128.3 2 0
processing/internal/usecase/transactions.go:129.2,132.16 3 0
processing/internal/usecase/transactions.go:132.16,135.3 2 0
processing/internal/usecase/transactions.go:137.2,137.74 1 0
processing/internal/usecase/transactions.go:137.74,140.3 2 0
processing/internal/usecase/transactions.go:142.2,142.37 1 0
processing/internal/usecase/transactions.go:142.37,145.3 2 0
processing/internal/usecase/transactions.go:147.2,147.25 1 0
processing/internal/usecase/transactions.go:155.33,156.70 1 0
processing/internal/usecase/transactions.go:156.70,159.3 2 0
processing/internal/usecase/transactions.go:161.2,162.16 2 0
processing/internal/usecase/transactions.go:162.16,165.3 2 0
processing/internal/usecase/transactions.go:166.2,169.16 3 0
processing/internal/usecase/transactions.go:169.16,172.3 2 0
processing/internal/usecase/transactions.go:174.2,174.37 1 0
processing/internal/usecase/transactions.go:174.37,177.3 2 0
processing/internal/usecase/transactions.go:179.2,180.26 2 0
processing/internal/domain/account.go:20.73,22.16 2 0
processing/internal/domain/account.go:22.16,24.3 1 0
processing/internal/domain/account.go:25.2,25.60 1 0
processing/internal/domain/transactions.go:27.111,29.16 2 0
processing/internal/domain/transactions.go:29.16,31.3 1 0
processing/internal/domain/transactions.go:32.2,37.8 1 0
